25-Nov-2023 17:17:59.213 INFO [main] org.apache.catalina.startup.VersionLoggerListener.log Server version name:   Apache Tomcat/9.0.80
25-Nov-2023 17:17:59.213 INFO [main] org.apache.catalina.startup.VersionLoggerListener.log Server built:          Aug 23 2023 21:59:38 UTC
25-Nov-2023 17:17:59.245 INFO [main] org.apache.catalina.startup.VersionLoggerListener.log Server version number: 9.0.80.0
25-Nov-2023 17:17:59.245 INFO [main] org.apache.catalina.startup.VersionLoggerListener.log OS Name:               Windows 10
25-Nov-2023 17:17:59.245 INFO [main] org.apache.catalina.startup.VersionLoggerListener.log OS Version:            10.0
25-Nov-2023 17:17:59.245 INFO [main] org.apache.catalina.startup.VersionLoggerListener.log Architecture:          amd64
25-Nov-2023 17:17:59.245 INFO [main] org.apache.catalina.startup.VersionLoggerListener.log Java Home:             C:\Program Files\Java\jdk-12.0.1
25-Nov-2023 17:17:59.245 INFO [main] org.apache.catalina.startup.VersionLoggerListener.log JVM Version:           12.0.1+12
25-Nov-2023 17:17:59.245 INFO [main] org.apache.catalina.startup.VersionLoggerListener.log JVM Vendor:            Oracle Corporation
25-Nov-2023 17:17:59.245 INFO [main] org.apache.catalina.startup.VersionLoggerListener.log CATALINA_BASE:         C:\Users\YOUNUS SYED\Desktop\Java Cer1\BookStoreWebsite
25-Nov-2023 17:17:59.245 INFO [main] org.apache.catalina.startup.VersionLoggerListener.log CATALINA_HOME:         C:\Program Files\Apache Software Foundation\Tomcat 9.0
25-Nov-2023 17:17:59.276 INFO [main] org.apache.catalina.startup.VersionLoggerListener.log Command line argument: --add-opens=java.base/java.lang=ALL-UNNAMED
25-Nov-2023 17:17:59.276 INFO [main] org.apache.catalina.startup.VersionLoggerListener.log Command line argument: --add-opens=java.base/java.io=ALL-UNNAMED
25-Nov-2023 17:17:59.276 INFO [main] org.apache.catalina.startup.VersionLoggerListener.log Command line argument: --add-opens=java.base/java.util=ALL-UNNAMED
25-Nov-2023 17:17:59.276 INFO [main] org.apache.catalina.startup.VersionLoggerListener.log Command line argument: --add-opens=java.base/java.util.concurrent=ALL-UNNAMED
25-Nov-2023 17:17:59.276 INFO [main] org.apache.catalina.startup.VersionLoggerListener.log Command line argument: --add-opens=java.rmi/sun.rmi.transport=ALL-UNNAMED
25-Nov-2023 17:17:59.276 INFO [main] org.apache.catalina.startup.VersionLoggerListener.log Command line argument: -Dcatalina.home=C:\Program Files\Apache Software Foundation\Tomcat 9.0
25-Nov-2023 17:17:59.276 INFO [main] org.apache.catalina.startup.VersionLoggerListener.log Command line argument: -Dcatalina.base=C:\Users\YOUNUS SYED\Desktop\Java Cer1\BookStoreWebsite
25-Nov-2023 17:17:59.276 INFO [main] org.apache.catalina.startup.VersionLoggerListener.log Command line argument: -Djava.io.tmpdir=C:\Users\YOUNUS SYED\Desktop\Java Cer1\BookStoreWebsite\temp
25-Nov-2023 17:17:59.276 INFO [main] org.apache.catalina.startup.VersionLoggerListener.log Command line argument: -Djava.util.logging.config.file=C:\Users\YOUNUS SYED\Desktop\Java Cer1\BookStoreWebsite\conf\logging.properties
25-Nov-2023 17:17:59.276 INFO [main] org.apache.catalina.startup.VersionLoggerListener.log Command line argument: -Djava.util.logging.manager=org.apache.juli.ClassLoaderLogManager
25-Nov-2023 17:17:59.276 INFO [main] org.apache.catalina.startup.VersionLoggerListener.log Command line argument: -javaagent:C:\Program Files\JetBrains\IntelliJ IDEA Community Edition 2022.1.3\lib\idea_rt.jar=63962:C:\Program Files\JetBrains\IntelliJ IDEA Community Edition 2022.1.3\bin
25-Nov-2023 17:17:59.276 INFO [main] org.apache.catalina.startup.VersionLoggerListener.log Command line argument: -Dfile.encoding=UTF-8
25-Nov-2023 17:17:59.323 INFO [main] org.apache.catalina.core.AprLifecycleListener.lifecycleEvent Loaded Apache Tomcat Native library [1.2.38] using APR version [1.7.4].
25-Nov-2023 17:17:59.323 INFO [main] org.apache.catalina.core.AprLifecycleListener.lifecycleEvent APR capabilities: IPv6 [true], sendfile [true], accept filters [false], random [true], UDS [true].
25-Nov-2023 17:17:59.338 INFO [main] org.apache.catalina.core.AprLifecycleListener.lifecycleEvent APR/OpenSSL configuration: useAprConnector [false], useOpenSSL [true]
25-Nov-2023 17:17:59.400 INFO [main] org.apache.catalina.core.AprLifecycleListener.initializeSSL OpenSSL successfully initialized [OpenSSL 1.1.1v  1 Aug 2023]
25-Nov-2023 17:17:59.963 INFO [main] org.apache.coyote.AbstractProtocol.init Initializing ProtocolHandler ["http-nio-8085"]
25-Nov-2023 17:17:59.994 INFO [main] org.apache.catalina.startup.Catalina.load Server initialization in [2271] milliseconds
25-Nov-2023 17:18:00.228 INFO [main] org.apache.catalina.core.StandardService.startInternal Starting service [Catalina]
25-Nov-2023 17:18:00.228 INFO [main] org.apache.catalina.core.StandardEngine.startInternal Starting Servlet engine: [Apache Tomcat/9.0.80]
25-Nov-2023 17:18:00.260 INFO [main] org.apache.catalina.startup.HostConfig.deployDescriptor Deploying deployment descriptor [C:\Users\YOUNUS SYED\Desktop\Java Cer1\BookStoreWebsite\conf\Catalina\localhost\BokStoreWebsite.xml]
25-Nov-2023 17:18:08.820 INFO [main] org.apache.jasper.servlet.TldScanner.scanJars At least one JAR was scanned for TLDs yet contained no TLDs. Enable debug logging for this logger for a complete list of JARs that were scanned but no TLDs were found in them. Skipping unneeded JARs during scanning can improve startup time and JSP compilation time.
25-Nov-2023 17:18:09.304 WARNING [main] org.apache.catalina.util.SessionIdGeneratorBase.createSecureRandom Creation of SecureRandom instance for session ID generation using [SHA1PRNG] took [344] milliseconds.
25-Nov-2023 17:18:09.382 INFO [main] org.apache.catalina.startup.HostConfig.deployDescriptor Deployment of deployment descriptor [C:\Users\YOUNUS SYED\Desktop\Java Cer1\BookStoreWebsite\conf\Catalina\localhost\BokStoreWebsite.xml] has finished in [9,122] ms
25-Nov-2023 17:18:09.382 INFO [main] org.apache.coyote.AbstractProtocol.start Starting ProtocolHandler ["http-nio-8085"]
25-Nov-2023 17:18:09.742 INFO [main] org.apache.catalina.startup.Catalina.start Server startup in [9742] milliseconds
